<?xml version="1.0" encoding="UTF-8"?>
<!-- Generated by org.testng.reporters.JUnitXMLReporter -->
<testsuite ignored="0" hostname="DESKTOP-OOTTLBB" failures="0" tests="3" name="Default test" time="62.687" errors="0" timestamp="2023-03-24T11:15:29 CET">
  <testcase classname="tests.Offline_Authentification" name="login" time="20.682"/>
  <testcase classname="tests.Offline_Control_Mode" name="CréationSite" time="6.109"/>
  <testcase classname="tests.Offline_Control_Mode" name="Création_Area" time="17.94"/>
</testsuite> <!-- Default test -->
