<?xml version="1.0" encoding="UTF-8"?>
<testng-results ignored="0" total="3" passed="3" failed="0" skipped="0">
  <reporter-output>
  </reporter-output>
  <suite started-at="2023-03-24T11:14:26 CET" name="Default suite" finished-at="2023-03-24T11:15:28 CET" duration-ms="62687">
    <groups>
    </groups>
    <test started-at="2023-03-24T11:14:26 CET" name="Default test" finished-at="2023-03-24T11:15:28 CET" duration-ms="62687">
      <class name="tests.Offline_Control_Mode">
        <test-method is-config="true" signature="setup()[pri:0, instance:tests.Offline_Control_Mode@368f2016]" started-at="2023-03-24T11:14:26 CET" name="setup" finished-at="2023-03-24T11:14:44 CET" duration-ms="17883" status="PASS">
          <reporter-output>
          </reporter-output>
        </test-method> <!-- setup -->
        <test-method signature="login()[pri:0, instance:tests.Offline_Control_Mode@368f2016]" started-at="2023-03-24T11:14:44 CET" name="login" finished-at="2023-03-24T11:15:04 CET" duration-ms="20682" status="PASS">
          <reporter-output>
          </reporter-output>
        </test-method> <!-- login -->
        <test-method signature="CréationSite()[pri:0, instance:tests.Offline_Control_Mode@368f2016]" started-at="2023-03-24T11:15:04 CET" name="CréationSite" finished-at="2023-03-24T11:15:11 CET" duration-ms="6109" status="PASS">
          <reporter-output>
          </reporter-output>
        </test-method> <!-- CréationSite -->
        <test-method signature="Création_Area()[pri:0, instance:tests.Offline_Control_Mode@368f2016]" started-at="2023-03-24T11:15:11 CET" name="Création_Area" finished-at="2023-03-24T11:15:28 CET" duration-ms="17940" status="PASS">
          <reporter-output>
          </reporter-output>
        </test-method> <!-- Création_Area -->
      </class> <!-- tests.Offline_Control_Mode -->
    </test> <!-- Default test -->
  </suite> <!-- Default suite -->
</testng-results>
