<?xml version="1.0" encoding="UTF-8"?>
<testng-results ignored="0" total="1" passed="1" failed="0" skipped="0">
  <reporter-output>
  </reporter-output>
  <suite started-at="2023-04-04T09:53:43 CET" name="Default suite" finished-at="2023-04-04T09:54:30 CET" duration-ms="46940">
    <groups>
    </groups>
    <test started-at="2023-04-04T09:53:43 CET" name="Default test" finished-at="2023-04-04T09:54:30 CET" duration-ms="46940">
      <class name="tests.Offline_Authentification">
        <test-method is-config="true" signature="setup()[pri:0, instance:tests.Offline_Authentification@3270d194]" started-at="2023-04-04T09:53:43 CET" name="setup" finished-at="2023-04-04T09:54:05 CET" duration-ms="21980" status="PASS">
          <reporter-output>
          </reporter-output>
        </test-method> <!-- setup -->
        <test-method signature="login()[pri:0, instance:tests.Offline_Authentification@3270d194]" started-at="2023-04-04T09:54:05 CET" name="login" finished-at="2023-04-04T09:54:30 CET" duration-ms="24901" status="PASS">
          <reporter-output>
          </reporter-output>
        </test-method> <!-- login -->
      </class> <!-- tests.Offline_Authentification -->
    </test> <!-- Default test -->
  </suite> <!-- Default suite -->
</testng-results>
